
Variable 'DATAFILE_TREE' was not initialized prior to being used
Row and/or column partition is empty. All the data will be used by default.
Variable 'methodIndex' was not initialized prior to being used
Variable 'ds0.sites' was not initialized prior to being used
Overwritten previously defined function:'avlToLabels'
Overwritten previously defined function:'avlKeysToMatrix'
Overwritten previously defined function:'avlToString'
Overwritten previously defined function:'avlToRow'
Overwritten previously defined function:'splitFilePath'
Overwritten previously defined function:'fixGlobalParameters'
Overwritten previously defined function:'promptForGlobalParameters'
Overwritten previously defined function:'echoGlobalParameters'
Overwritten previously defined function:'stashGlobalParameters'
Overwritten previously defined function:'defineIfNeeded'
Overwritten previously defined function:'restoreGlobalParameters'
Overwritten previously defined function:'stringMatrixToAVL'
Overwritten previously defined function:'avlToMatrix'
Overwritten previously defined function:'_standardizeRatio'
Overwritten previously defined function:'_copyws'
Overwritten previously defined function:'_mapNumberToString'
Overwritten previously defined function:'_normalizeRatio'
Overwritten previously defined function:'AVL2Matrix'
Overwritten previously defined function:'mapModelKeyToString'
Overwritten previously defined function:'updateStatusLine'
Row and/or column partition is empty. All the data will be used by default.
Row and/or column partition is empty. All the data will be used by default.
Row and/or column partition is empty. All the data will be used by default.
Variable 'totalCharCount' was not initialized prior to being used
Variable 'totalCodonCount' was not initialized prior to being used
Variable 'totalUniqueSites' was not initialized prior to being used
Variable 'ModelMatrixDimension' was not initialized prior to being used
Model NucModel assigned to TX0
Model NucModel assigned to TX7
Model NucModel assigned to Node5
Model NucModel assigned to TX2
Model NucModel assigned to TX11
Model NucModel assigned to Node8
Model NucModel assigned to Node4
Model NucModel assigned to TX1
Model NucModel assigned to TX14
Model NucModel assigned to Node13
Model NucModel assigned to TX5
Model NucModel assigned to Node12
Model NucModel assigned to TX3
Model NucModel assigned to TX13
Model NucModel assigned to Node20
Model NucModel assigned to TX15
Model NucModel assigned to Node19
Model NucModel assigned to TX8
Model NucModel assigned to TX12
Model NucModel assigned to TX16
Model NucModel assigned to Node26
Model NucModel assigned to Node24
Model NucModel assigned to Node18
Model NucModel assigned to TX6
Model NucModel assigned to Node17
Model NucModel assigned to Node11
Model NucModel assigned to Node3
Model NucModel assigned to TX9
Model NucModel assigned to Node2
Model NucModel assigned to TX10
Model NucModel assigned to Node1
Model NucModel assigned to TX4
Model NucModel assigned to TX17
The tips of the tree:nucTree_1 were matched with the species names from the data as follows {0,7,2,11,1,14,5,3,13,15,8,12,16,6,9,10,4,17}

Pseudo-optimal path's cost 318 vs 400 for 1..k=> a 1.25786 x improvement
Partition  reversible model flag computed as 1
Variable 'nucLF' was not initialized prior to being used
Variable 'nucTree_1.TX0.t' was not initialized prior to being used
Variable 'nucTree_1.TX7.t' was not initialized prior to being used
Variable 'nucTree_1.TX2.t' was not initialized prior to being used
Variable 'nucTree_1.TX11.t' was not initialized prior to being used
Variable 'nucTree_1.TX1.t' was not initialized prior to being used
Variable 'nucTree_1.TX14.t' was not initialized prior to being used
Variable 'nucTree_1.TX5.t' was not initialized prior to being used
Variable 'nucTree_1.TX3.t' was not initialized prior to being used
Variable 'nucTree_1.TX13.t' was not initialized prior to being used
Variable 'nucTree_1.TX15.t' was not initialized prior to being used
Variable 'nucTree_1.TX8.t' was not initialized prior to being used
Variable 'nucTree_1.TX12.t' was not initialized prior to being used
Variable 'nucTree_1.TX16.t' was not initialized prior to being used
Variable 'nucTree_1.TX6.t' was not initialized prior to being used
Variable 'nucTree_1.TX9.t' was not initialized prior to being used
Variable 'nucTree_1.TX10.t' was not initialized prior to being used
Variable 'nucTree_1.TX4.t' was not initialized prior to being used
Variable 'nucTree_1.TX17.t' was not initialized prior to being used
Variable 'nucTree_1.Node5.t' was not initialized prior to being used
Variable 'nucTree_1.Node8.t' was not initialized prior to being used
Variable 'nucTree_1.Node4.t' was not initialized prior to being used
Variable 'nucTree_1.Node13.t' was not initialized prior to being used
Variable 'nucTree_1.Node12.t' was not initialized prior to being used
Variable 'nucTree_1.Node20.t' was not initialized prior to being used
Variable 'nucTree_1.Node19.t' was not initialized prior to being used
Variable 'nucTree_1.Node26.t' was not initialized prior to being used
Variable 'nucTree_1.Node24.t' was not initialized prior to being used
Variable 'nucTree_1.Node18.t' was not initialized prior to being used
Variable 'nucTree_1.Node17.t' was not initialized prior to being used
Variable 'nucTree_1.Node11.t' was not initialized prior to being used
Variable 'nucTree_1.Node3.t' was not initialized prior to being used
Variable 'nucTree_1.Node2.t' was not initialized prior to being used
Variable 'nucTree_1.Node1.t' was not initialized prior to being used
Site 1 evaluated to a 0 probability in ComputeTreeBlockByBranch
Set GUI update interval to every 1000-th LF evaluation.
Initial guess for nucTree_1.Node1.t is 0.008033640897104689
Initial guess for nucTree_1.Node2.t is -0.003045672927850864
Initial guess for nucTree_1.Node3.t is 0.03050346441560241
Initial guess for nucTree_1.Node4.t is 0.009874650503640217
Initial guess for nucTree_1.Node5.t is 0.01095081029765318
Initial guess for nucTree_1.TX0.t is -4.305537166581023e-016
Initial guess for nucTree_1.TX7.t is -4.269788243720057e-016
Initial guess for nucTree_1.Node8.t is 0.006765507000207273
Initial guess for nucTree_1.TX2.t is 0.03452104917974597
Initial guess for nucTree_1.TX11.t is 0.0009115854159711366
Initial guess for nucTree_1.Node11.t is 0.01272179958808023
Initial guess for nucTree_1.Node12.t is 0.01864863886834346
Initial guess for nucTree_1.Node13.t is 0.0121268197854816
Initial guess for nucTree_1.TX1.t is 0.0199372052176343
Initial guess for nucTree_1.TX14.t is 0.03421581428992149
Initial guess for nucTree_1.TX5.t is 0.06523542158553144
Initial guess for nucTree_1.Node17.t is 0.01687750117485428
Initial guess for nucTree_1.Node18.t is 0.008240158897748021
Initial guess for nucTree_1.Node19.t is 0.01513551981343203
Initial guess for nucTree_1.Node20.t is 0.01080662744093622
Initial guess for nucTree_1.TX3.t is 5.019486462089982e-018
Initial guess for nucTree_1.TX13.t is 9.965358569672669e-018
Initial guess for nucTree_1.TX15.t is 0.006591146683065722
Initial guess for nucTree_1.Node24.t is 0.01101030912016179
Initial guess for nucTree_1.TX8.t is 0.009246926586954168
Initial guess for nucTree_1.Node26.t is 0.008469390710904839
Initial guess for nucTree_1.TX12.t is 0.0102393199865971
Initial guess for nucTree_1.TX16.t is 0.007158454137404685
Initial guess for nucTree_1.TX6.t is 0.005389232173549244
Initial guess for nucTree_1.TX9.t is 0.01797792886872261
Initial guess for nucTree_1.TX10.t is 0.009364133226898439
Initial guess for nucTree_1.TX4.t is -4.478776608337315e-016
Initial guess for nucTree_1.TX17.t is -4.478328200007687e-016
Optimization settings:
	OPTIMIZATION_METHOD = 4
	OPTIMIZATION_PRECISION = 0.001
	MAXIMUM_ITERATIONS_PER_VARIABLE = 5000

Initial parameter values

GT = 1
CT = 1
AC = 1
CG = 1
AT = 1
nucTree_1.TX0.t = 0
nucTree_1.TX7.t = 0
nucTree_1.Node5.t = 0.01095081029765318
nucTree_1.TX2.t = 0.03452104917974597
nucTree_1.TX11.t = 0.0009115854159711366
nucTree_1.Node8.t = 0.006765507000207273
nucTree_1.Node4.t = 0.009874650503640217
nucTree_1.TX1.t = 0.0199372052176343
nucTree_1.TX14.t = 0.03421581428992149
nucTree_1.Node13.t = 0.0121268197854816
nucTree_1.TX5.t = 0.06523542158553144
nucTree_1.Node12.t = 0.01864863886834346
nucTree_1.TX3.t = 5.019486462089982e-018
nucTree_1.TX13.t = 9.965358569672669e-018
nucTree_1.Node20.t = 0.01080662744093622
nucTree_1.TX15.t = 0.006591146683065722
nucTree_1.Node19.t = 0.01513551981343203
nucTree_1.TX8.t = 0.009246926586954168
nucTree_1.TX12.t = 0.0102393199865971
nucTree_1.TX16.t = 0.007158454137404685
nucTree_1.Node26.t = 0.008469390710904839
nucTree_1.Node24.t = 0.01101030912016179
nucTree_1.Node18.t = 0.008240158897748021
nucTree_1.TX6.t = 0.005389232173549244
nucTree_1.Node17.t = 0.01687750117485428
nucTree_1.Node11.t = 0.01272179958808023
nucTree_1.Node3.t = 0.03050346441560241
nucTree_1.TX9.t = 0.01797792886872261
nucTree_1.Node2.t = 0
nucTree_1.TX10.t = 0.009364133226898439
nucTree_1.Node1.t = 0.008033640897104689
nucTree_1.TX4.t = 0
nucTree_1.TX17.t = 0
Optimization finished in 17 loop passes.
4799 likelihood evaluation calls and 47963 matrix exponentiations calls were made

Model MGModel assigned to TX0
Model MGModel assigned to TX7
Model MGModel assigned to Node5
Model MGModel assigned to TX2
Model MGModel assigned to TX11
Model MGModel assigned to Node8
Model MGModel assigned to Node4
Model MGModel assigned to TX1
Model MGModel assigned to TX14
Model MGModel assigned to Node13
Model MGModel assigned to TX5
Model MGModel assigned to Node12
Model MGModel assigned to TX3
Model MGModel assigned to TX13
Model MGModel assigned to Node20
Model MGModel assigned to TX15
Model MGModel assigned to Node19
Model MGModel assigned to TX8
Model MGModel assigned to TX12
Model MGModel assigned to TX16
Model MGModel assigned to Node26
Model MGModel assigned to Node24
Model MGModel assigned to Node18
Model MGModel assigned to TX6
Model MGModel assigned to Node17
Model MGModel assigned to Node11
Model MGModel assigned to Node3
Model MGModel assigned to TX9
Model MGModel assigned to Node2
Model MGModel assigned to TX10
Model MGModel assigned to Node1
Model MGModel assigned to TX4
Model MGModel assigned to TX17
The tips of the tree:codonTree_1 were matched with the species names from the data as follows {0,7,2,11,1,14,5,3,13,15,8,12,16,6,9,10,4,17}

Pseudo-optimal path's cost 366 vs 396 for 1..k=> a 1.08197 x improvement
Partition  reversible model flag computed as 1

ReplicateConstraint generated the following contsraints:
codonTree_1.TX0.synRate:=rConstr*nucTree_1.TX0.t__;
codonTree_1.TX7.synRate:=rConstr*nucTree_1.TX7.t__;
codonTree_1.Node5.synRate:=rConstr*nucTree_1.Node5.t__;
codonTree_1.TX2.synRate:=rConstr*nucTree_1.TX2.t__;
codonTree_1.TX11.synRate:=rConstr*nucTree_1.TX11.t__;
codonTree_1.Node8.synRate:=rConstr*nucTree_1.Node8.t__;
codonTree_1.Node4.synRate:=rConstr*nucTree_1.Node4.t__;
codonTree_1.TX1.synRate:=rConstr*nucTree_1.TX1.t__;
codonTree_1.TX14.synRate:=rConstr*nucTree_1.TX14.t__;
codonTree_1.Node13.synRate:=rConstr*nucTree_1.Node13.t__;
codonTree_1.TX5.synRate:=rConstr*nucTree_1.TX5.t__;
codonTree_1.Node12.synRate:=rConstr*nucTree_1.Node12.t__;
codonTree_1.TX3.synRate:=rConstr*nucTree_1.TX3.t__;
codonTree_1.TX13.synRate:=rConstr*nucTree_1.TX13.t__;
codonTree_1.Node20.synRate:=rConstr*nucTree_1.Node20.t__;
codonTree_1.TX15.synRate:=rConstr*nucTree_1.TX15.t__;
codonTree_1.Node19.synRate:=rConstr*nucTree_1.Node19.t__;
codonTree_1.TX8.synRate:=rConstr*nucTree_1.TX8.t__;
codonTree_1.TX12.synRate:=rConstr*nucTree_1.TX12.t__;
codonTree_1.TX16.synRate:=rConstr*nucTree_1.TX16.t__;
codonTree_1.Node26.synRate:=rConstr*nucTree_1.Node26.t__;
codonTree_1.Node24.synRate:=rConstr*nucTree_1.Node24.t__;
codonTree_1.Node18.synRate:=rConstr*nucTree_1.Node18.t__;
codonTree_1.TX6.synRate:=rConstr*nucTree_1.TX6.t__;
codonTree_1.Node17.synRate:=rConstr*nucTree_1.Node17.t__;
codonTree_1.Node11.synRate:=rConstr*nucTree_1.Node11.t__;
codonTree_1.Node3.synRate:=rConstr*nucTree_1.Node3.t__;
codonTree_1.TX9.synRate:=rConstr*nucTree_1.TX9.t__;
codonTree_1.Node2.synRate:=rConstr*nucTree_1.Node2.t__;
codonTree_1.TX10.synRate:=rConstr*nucTree_1.TX10.t__;
codonTree_1.Node1.synRate:=rConstr*nucTree_1.Node1.t__;
codonTree_1.TX4.synRate:=rConstr*nucTree_1.TX4.t__;
codonTree_1.TX17.synRate:=rConstr*nucTree_1.TX17.t__;

Variable 'lf' was not initialized prior to being used
Set GUI update interval to every 27-th LF evaluation.
Optimization settings:
	OPTIMIZATION_METHOD = 4
	OPTIMIZATION_PRECISION = 0.001
	MAXIMUM_ITERATIONS_PER_VARIABLE = 5000

Initial parameter values

dNdS = 0.25
Optimization finished in 4 loop passes.
71 likelihood evaluation calls and 2244 matrix exponentiations calls were made

The tips of the tree:codonTree_1 were matched with the species names from the data as follows {0,7,2,11,1,14,5,3,13,15,8,12,16,6,9,10,4,17}
Partition  reversible model flag computed as 1
Row and/or column partition is empty. All the data will be used by default.
Row and/or column partition is empty. All the data will be used by default.
Row and/or column partition is empty. All the data will be used by default.